  Main.cpp
C:\Users\mbukh\source\repos\UASgrafkom\Main.cpp(50,30): warning C4305: 'initializing': truncation from 'double' to 'GLfloat'
C:\Users\mbukh\source\repos\UASgrafkom\Main.cpp(50,35): warning C4305: 'initializing': truncation from 'double' to 'GLfloat'
C:\Users\mbukh\source\repos\UASgrafkom\Main.cpp(50,40): warning C4305: 'initializing': truncation from 'double' to 'GLfloat'
C:\Users\mbukh\source\repos\UASgrafkom\Main.cpp(53,22): warning C4305: 'argument': truncation from 'double' to 'GLfloat'
C:\Users\mbukh\source\repos\UASgrafkom\Main.cpp(54,17): warning C4305: 'argument': truncation from 'double' to 'GLfloat'
C:\Users\mbukh\source\repos\UASgrafkom\Main.cpp(60,39): warning C4305: 'initializing': truncation from 'double' to 'GLfloat'
C:\Users\mbukh\source\repos\UASgrafkom\Main.cpp(63,22): warning C4305: 'argument': truncation from 'double' to 'GLfloat'
C:\Users\mbukh\source\repos\UASgrafkom\Main.cpp(70,30): warning C4305: 'initializing': truncation from 'double' to 'GLfloat'
C:\Users\mbukh\source\repos\UASgrafkom\Main.cpp(70,35): warning C4305: 'initializing': truncation from 'double' to 'GLfloat'
C:\Users\mbukh\source\repos\UASgrafkom\Main.cpp(73,17): warning C4305: 'argument': truncation from 'double' to 'GLfloat'
C:\Users\mbukh\source\repos\UASgrafkom\Main.cpp(84,23): warning C4305: 'argument': truncation from 'double' to 'GLfloat'
C:\Users\mbukh\source\repos\UASgrafkom\Main.cpp(84,14): warning C4305: 'argument': truncation from 'double' to 'GLfloat'
C:\Users\mbukh\source\repos\UASgrafkom\Main.cpp(90,23): warning C4305: 'argument': truncation from 'double' to 'GLfloat'
C:\Users\mbukh\source\repos\UASgrafkom\Main.cpp(90,14): warning C4305: 'argument': truncation from 'double' to 'GLfloat'
C:\Users\mbukh\source\repos\UASgrafkom\Main.cpp(96,23): warning C4305: 'argument': truncation from 'double' to 'GLfloat'
C:\Users\mbukh\source\repos\UASgrafkom\Main.cpp(96,14): warning C4305: 'argument': truncation from 'double' to 'GLfloat'
C:\Users\mbukh\source\repos\UASgrafkom\Main.cpp(102,23): warning C4305: 'argument': truncation from 'double' to 'GLfloat'
C:\Users\mbukh\source\repos\UASgrafkom\Main.cpp(102,14): warning C4305: 'argument': truncation from 'double' to 'GLfloat'
  UASgrafkom.vcxproj -> C:\Users\mbukh\source\repos\UASgrafkom\x64\Debug\UASgrafkom.exe
          1 file(s) copied.
